[INFO] 18:33:27:614 broker/(10200:10200): El cliente socket: 5 se ha conectado
[INFO] 18:33:27:614 broker/(10200:10200): El cliente socket: 7 se ha conectado
[INFO] 18:33:27:615 broker/(10200:10211): El proceso id: 4 se ha suscripto a la cola: CATCH POKEMON
[INFO] 18:33:27:615 broker/(10200:10200): El cliente socket: 8 se ha conectado
[INFO] 18:33:27:616 broker/(10200:10212): El proceso id: 3 se ha suscripto a la cola: GET POKEMON
[INFO] 18:33:27:616 broker/(10200:10213): El proceso id: 2 se ha suscripto a la cola: NEW POKEMON
[INFO] 18:34:39:711 broker/(10200:10200): El cliente socket: 9 se ha conectado
[INFO] 18:34:39:712 broker/(10200:10524): El mensaje id: 1 se ha guardado en memoria en la partición base: 0
[INFO] 18:34:39:715 broker/(10200:10200): El cliente socket: 10 se ha conectado
[INFO] 18:34:39:715 broker/(10200:10524): El mensaje id: 2 ha sido enviado al suscriptor id: 1
[INFO] 18:34:39:715 broker/(10200:10524): El mensaje id: 1 ha llegado a la cola: NEW POKEMON
[INFO] 18:34:39:715 broker/(10200:10524): El suscriptor id: 2 ha recibido el mensaje id: 1
[INFO] 18:34:39:715 broker/(10200:10525): El mensaje id: 2 se ha guardado en memoria en la partición base: 23
[INFO] 18:34:39:715 broker/(10200:10525): El mensaje id: 2 ha llegado a la cola: APPEARED POKEMON
[INFO] 18:35:11:64 broker/(10200:10200): El cliente socket: 11 se ha conectado
[INFO] 18:36:36:873 broker/(10586:10586): El cliente socket: 5 se ha conectado
[INFO] 18:36:36:874 broker/(10586:10586): El cliente socket: 7 se ha conectado
[INFO] 18:36:36:874 broker/(10586:10602): El proceso id: 4 se ha suscripto a la cola: CATCH POKEMON
[INFO] 18:36:36:874 broker/(10586:10586): El cliente socket: 8 se ha conectado
[INFO] 18:36:36:875 broker/(10586:10603): El proceso id: 3 se ha suscripto a la cola: GET POKEMON
[INFO] 18:36:36:875 broker/(10586:10604): El proceso id: 2 se ha suscripto a la cola: NEW POKEMON
[INFO] 18:36:46:669 broker/(10586:10586): El cliente socket: 9 se ha conectado
[INFO] 18:36:46:669 broker/(10586:10616): El mensaje id: 1 se ha guardado en memoria en la partición base: 0
[INFO] 18:36:46:669 broker/(10586:10616): El mensaje id: 1 ha llegado a la cola: APPEARED POKEMON
[INFO] 18:40:42:103 broker/(10586:10586): El cliente socket: 10 se ha conectado
[INFO] 18:40:42:108 broker/(10586:10776): El mensaje id: 2 se ha guardado en memoria en la partición base: 19
[INFO] 18:40:42:109 broker/(10586:10776): El mensaje id: 2 ha llegado a la cola: APPEARED POKEMON
[INFO] 18:40:44:727 broker/(10586:10586): El cliente socket: 11 se ha conectado
[INFO] 18:40:44:730 broker/(10586:10788): El mensaje id: 3 se ha guardado en memoria en la partición base: 38
[INFO] 18:40:44:730 broker/(10586:10788): El mensaje id: 3 ha llegado a la cola: APPEARED POKEMON
[INFO] 18:40:45:423 broker/(10586:10586): El cliente socket: 12 se ha conectado
[INFO] 18:40:45:427 broker/(10586:10790): El mensaje id: 4 se ha guardado en memoria en la partición base: 57
[INFO] 18:40:45:427 broker/(10586:10790): El mensaje id: 4 ha llegado a la cola: APPEARED POKEMON
[INFO] 18:40:45:755 broker/(10586:10586): El cliente socket: 13 se ha conectado
[INFO] 18:40:45:758 broker/(10586:10792): El mensaje id: 5 se ha guardado en memoria en la partición base: 76
[INFO] 18:40:45:759 broker/(10586:10792): El mensaje id: 5 ha llegado a la cola: APPEARED POKEMON
[INFO] 18:40:46:91 broker/(10586:10586): El cliente socket: 14 se ha conectado
[INFO] 18:40:46:92 broker/(10586:10794): El mensaje id: 6 se ha guardado en memoria en la partición base: 95
[INFO] 18:40:46:92 broker/(10586:10794): El mensaje id: 6 ha llegado a la cola: APPEARED POKEMON
[INFO] 18:40:46:413 broker/(10586:10586): El cliente socket: 15 se ha conectado
[INFO] 18:40:46:417 broker/(10586:10796): El mensaje id: 7 se ha guardado en memoria en la partición base: 114
[INFO] 18:40:46:417 broker/(10586:10796): El mensaje id: 7 ha llegado a la cola: APPEARED POKEMON
[INFO] 18:40:46:735 broker/(10586:10586): El cliente socket: 16 se ha conectado
[INFO] 18:40:46:740 broker/(10586:10798): El mensaje id: 8 se ha guardado en memoria en la partición base: 133
[INFO] 18:40:46:741 broker/(10586:10798): El mensaje id: 8 ha llegado a la cola: APPEARED POKEMON
[INFO] 18:40:47:53 broker/(10586:10586): El cliente socket: 17 se ha conectado
[INFO] 18:40:47:57 broker/(10586:10800): El mensaje id: 9 se ha guardado en memoria en la partición base: 152
[INFO] 18:40:47:58 broker/(10586:10800): El mensaje id: 9 ha llegado a la cola: APPEARED POKEMON
[INFO] 18:40:47:552 broker/(10586:10586): El cliente socket: 18 se ha conectado
[INFO] 18:40:47:558 broker/(10586:10805): El mensaje id: 10 se ha guardado en memoria en la partición base: 171
[INFO] 18:40:47:558 broker/(10586:10805): El mensaje id: 10 ha llegado a la cola: APPEARED POKEMON
[INFO] 18:40:47:887 broker/(10586:10586): El cliente socket: 19 se ha conectado
[INFO] 18:40:47:890 broker/(10586:10809): El mensaje id: 11 se ha guardado en memoria en la partición base: 190
[INFO] 18:40:47:890 broker/(10586:10809): El mensaje id: 11 ha llegado a la cola: APPEARED POKEMON
[INFO] 18:40:48:197 broker/(10586:10586): El cliente socket: 20 se ha conectado
[INFO] 18:40:48:200 broker/(10586:10811): El mensaje id: 12 se ha guardado en memoria en la partición base: 209
[INFO] 18:40:48:201 broker/(10586:10811): El mensaje id: 12 ha llegado a la cola: APPEARED POKEMON
[INFO] 18:40:48:493 broker/(10586:10586): El cliente socket: 21 se ha conectado
[INFO] 18:40:48:496 broker/(10586:10813): El mensaje id: 13 se ha guardado en memoria en la partición base: 228
[INFO] 18:40:48:497 broker/(10586:10813): El mensaje id: 13 ha llegado a la cola: APPEARED POKEMON
[INFO] 18:40:48:796 broker/(10586:10586): El cliente socket: 22 se ha conectado
[INFO] 18:40:48:800 broker/(10586:10815): El mensaje id: 14 se ha guardado en memoria en la partición base: 247
[INFO] 18:40:48:800 broker/(10586:10815): El mensaje id: 14 ha llegado a la cola: APPEARED POKEMON
[INFO] 18:40:49:109 broker/(10586:10586): El cliente socket: 23 se ha conectado
[INFO] 18:40:49:112 broker/(10586:10817): El mensaje id: 15 se ha guardado en memoria en la partición base: 266
[INFO] 18:40:49:112 broker/(10586:10817): El mensaje id: 15 ha llegado a la cola: APPEARED POKEMON
[INFO] 18:40:49:412 broker/(10586:10586): El cliente socket: 24 se ha conectado
[INFO] 18:40:49:416 broker/(10586:10819): El mensaje id: 16 se ha guardado en memoria en la partición base: 285
[INFO] 18:40:49:416 broker/(10586:10819): El mensaje id: 16 ha llegado a la cola: APPEARED POKEMON
[INFO] 18:40:50:12 broker/(10586:10586): El cliente socket: 25 se ha conectado
[INFO] 18:40:50:15 broker/(10586:10821): El mensaje id: 17 se ha guardado en memoria en la partición base: 304
[INFO] 18:40:50:15 broker/(10586:10821): El mensaje id: 17 ha llegado a la cola: APPEARED POKEMON
